<?xml version="1.0" encoding="UTF-8"?>
<!-- Generated by org.testng.reporters.JUnitReportReporter -->
<testsuite skipped="0" hostname="PARTHA-PC" name="com.renual.prop.ReadProperty" tests="1" failures="0" timestamp="08 May 2018 11:38:50 GMT" time="0.020" errors="0">
  <testcase name="read" time="0.020" classname="com.renual.prop.ReadProperty"/>
</testsuite> <!-- com.renual.prop.ReadProperty -->
