<?xml version="1.0" encoding="UTF-8"?>
<!-- Generated by org.testng.reporters.JUnitReportReporter -->
<testsuite skipped="0" hostname="PARTHA-PC" name="com.renual.qa.generic.TestBase" tests="1" failures="0" timestamp="08 May 2018 14:10:45 GMT" time="33.335" errors="0">
  <testcase name="demodataproviser" time="33.335" classname="com.renual.qa.generic.TestBase"/>
</testsuite> <!-- com.renual.qa.generic.TestBase -->
