<?xml version="1.0" encoding="UTF-8"?>
<!-- Generated by org.testng.reporters.JUnitReportReporter -->
<testsuite skipped="0" hostname="PARTHA-PC" name="com.renual.qa.test.LoginPageTest" tests="1" failures="0" timestamp="09 May 2018 04:55:51 GMT" time="10.007" errors="0">
  <testcase name="loginTest" time="10.007" classname="com.renual.qa.test.LoginPageTest"/>
</testsuite> <!-- com.renual.qa.test.LoginPageTest -->
